<?xml version="1.0" encoding="UTF-8"?>
<!-- Generated by org.testng.reporters.JUnitReportReporter -->
<testsuite skipped="0" hostname="LAPTOP-J7TSK624" name="com.amazon.testcases.SignupTest" tests="2" failures="0" timestamp="18 Sep 2019 06:40:54 GMT" time="39.821" errors="0">
  <testcase name="Register" time="20.553" classname="com.amazon.testcases.SignupTest"/>
  <testcase name="Register" time="19.268" classname="com.amazon.testcases.SignupTest"/>
</testsuite> <!-- com.amazon.testcases.SignupTest -->
