<?xml version="1.0" encoding="UTF-8"?>
<!-- Generated by org.testng.reporters.JUnitReportReporter -->
<testsuite skipped="0" hostname="LAPTOP-J7TSK624" name="com.amazon.testcases.BuyProductTest" tests="1" failures="0" timestamp="18 Sep 2019 09:50:47 GMT" time="20.069" errors="0">
  <testcase name="showcart" time="20.069" classname="com.amazon.testcases.BuyProductTest"/>
</testsuite> <!-- com.amazon.testcases.BuyProductTest -->
