<?xml version="1.0" encoding="UTF-8"?>
<!-- Generated by org.testng.reporters.JUnitReportReporter -->
<testsuite skipped="0" hostname="LAPTOP-J7TSK624" name="com.amazon.testcases.LoginTest" tests="1" failures="0" timestamp="18 Sep 2019 06:40:54 GMT" time="18.290" errors="0">
  <testcase name="LoginToApplication" time="18.290" classname="com.amazon.testcases.LoginTest"/>
</testsuite> <!-- com.amazon.testcases.LoginTest -->
